2020-10-08T14:13:49-0400 [INFO    ] dandi Traversing remote dandisets (000003) recursively
2020-10-08T14:13:49-0400 [INFO    ] backups2datalad.py Updating metadata file
2020-10-08T14:13:53-0400 [INFO    ] backups2datalad.py Syncing asset /sub-YutaMouse20/sub-YutaMouse20_ses-YutaMouse20-140321_behavior+ecephys.nwb
2020-10-08T14:13:53-0400 [WARNING ] backups2datalad.py Asset metadata does not include sha256 hash
2020-10-08T14:13:54-0400 [INFO    ] backups2datalad.py Asset in dataset, hash not available, and size is unchanged; will not update
2020-10-08T14:13:54-0400 [INFO    ] backups2datalad.py Syncing asset /sub-YutaMouse20/sub-YutaMouse20_ses-YutaMouse20-140324_behavior+ecephys.nwb
2020-10-08T14:13:54-0400 [WARNING ] backups2datalad.py Asset metadata does not include sha256 hash
2020-10-08T14:13:54-0400 [INFO    ] backups2datalad.py Asset in dataset, hash not available, and size is unchanged; will not update
2020-10-08T14:13:54-0400 [INFO    ] backups2datalad.py Syncing asset /sub-YutaMouse20/sub-YutaMouse20_ses-YutaMouse20-140325_behavior+ecephys.nwb
2020-10-08T14:13:54-0400 [WARNING ] backups2datalad.py Asset metadata does not include sha256 hash
2020-10-08T14:13:54-0400 [INFO    ] backups2datalad.py Asset in dataset, hash not available, and size is unchanged; will not update
2020-10-08T14:13:54-0400 [INFO    ] backups2datalad.py Syncing asset /sub-YutaMouse20/sub-YutaMouse20_ses-YutaMouse20-140327_behavior+ecephys.nwb
2020-10-08T14:13:54-0400 [WARNING ] backups2datalad.py Asset metadata does not include sha256 hash
2020-10-08T14:13:55-0400 [INFO    ] backups2datalad.py Asset in dataset, hash not available, and size is unchanged; will not update
2020-10-08T14:13:55-0400 [INFO    ] backups2datalad.py Syncing asset /sub-YutaMouse20/sub-YutaMouse20_ses-YutaMouse20-140328_behavior+ecephys.nwb
2020-10-08T14:13:55-0400 [WARNING ] backups2datalad.py Asset metadata does not include sha256 hash
2020-10-08T14:13:55-0400 [INFO    ] backups2datalad.py Asset in dataset, hash not available, and size is unchanged; will not update
2020-10-08T14:13:55-0400 [INFO    ] backups2datalad.py Syncing asset /sub-YutaMouse23/sub-YutaMouse23_ses-YutaMouse23-140804_behavior+ecephys.nwb
2020-10-08T14:13:55-0400 [WARNING ] backups2datalad.py Asset metadata does not include sha256 hash
2020-10-08T14:13:56-0400 [INFO    ] backups2datalad.py Asset in dataset, hash not available, and size is unchanged; will not update
2020-10-08T14:13:56-0400 [INFO    ] backups2datalad.py Syncing asset /sub-YutaMouse23/sub-YutaMouse23_ses-YutaMouse23-140805_behavior+ecephys.nwb
2020-10-08T14:13:56-0400 [WARNING ] backups2datalad.py Asset metadata does not include sha256 hash
2020-10-08T14:13:56-0400 [INFO    ] backups2datalad.py Asset in dataset, hash not available, and size is unchanged; will not update
2020-10-08T14:13:56-0400 [INFO    ] backups2datalad.py Syncing asset /sub-YutaMouse23/sub-YutaMouse23_ses-YutaMouse23-140806_behavior+ecephys.nwb
2020-10-08T14:13:56-0400 [WARNING ] backups2datalad.py Asset metadata does not include sha256 hash
2020-10-08T14:13:56-0400 [INFO    ] backups2datalad.py Asset in dataset, hash not available, and size is unchanged; will not update
2020-10-08T14:13:56-0400 [INFO    ] backups2datalad.py Syncing asset /sub-YutaMouse33/sub-YutaMouse33_ses-YutaMouse33-150218_behavior+ecephys.nwb
2020-10-08T14:13:56-0400 [WARNING ] backups2datalad.py Asset metadata does not include sha256 hash
2020-10-08T14:13:56-0400 [INFO    ] backups2datalad.py Asset in dataset, hash not available, and size is unchanged; will not update
2020-10-08T14:13:56-0400 [INFO    ] backups2datalad.py Syncing asset /sub-YutaMouse33/sub-YutaMouse33_ses-YutaMouse33-150219_behavior+ecephys.nwb
2020-10-08T14:13:56-0400 [WARNING ] backups2datalad.py Asset metadata does not include sha256 hash
2020-10-08T14:13:57-0400 [INFO    ] backups2datalad.py Asset in dataset, hash not available, and size is unchanged; will not update
2020-10-08T14:13:57-0400 [INFO    ] backups2datalad.py Syncing asset /sub-YutaMouse33/sub-YutaMouse33_ses-YutaMouse33-150220_behavior+ecephys.nwb
2020-10-08T14:13:57-0400 [WARNING ] backups2datalad.py Asset metadata does not include sha256 hash
2020-10-08T14:13:57-0400 [INFO    ] backups2datalad.py Asset in dataset, hash not available, and size is unchanged; will not update
2020-10-08T14:13:57-0400 [INFO    ] backups2datalad.py Syncing asset /sub-YutaMouse33/sub-YutaMouse33_ses-YutaMouse33-150221_behavior+ecephys.nwb
2020-10-08T14:13:57-0400 [WARNING ] backups2datalad.py Asset metadata does not include sha256 hash
2020-10-08T14:13:57-0400 [INFO    ] backups2datalad.py Asset in dataset, hash not available, and size is unchanged; will not update
2020-10-08T14:13:57-0400 [INFO    ] backups2datalad.py Syncing asset /sub-YutaMouse33/sub-YutaMouse33_ses-YutaMouse33-150222_behavior+ecephys.nwb
2020-10-08T14:13:57-0400 [WARNING ] backups2datalad.py Asset metadata does not include sha256 hash
2020-10-08T14:13:58-0400 [INFO    ] backups2datalad.py Asset in dataset, hash not available, and size is unchanged; will not update
2020-10-08T14:13:58-0400 [INFO    ] backups2datalad.py Syncing asset /sub-YutaMouse33/sub-YutaMouse33_ses-YutaMouse33-150223_behavior+ecephys.nwb
2020-10-08T14:13:58-0400 [WARNING ] backups2datalad.py Asset metadata does not include sha256 hash
2020-10-08T14:13:58-0400 [INFO    ] backups2datalad.py Asset in dataset, hash not available, and size is unchanged; will not update
2020-10-08T14:13:58-0400 [INFO    ] backups2datalad.py Syncing asset /sub-YutaMouse33/sub-YutaMouse33_ses-YutaMouse33-150225_behavior+ecephys.nwb
2020-10-08T14:13:58-0400 [WARNING ] backups2datalad.py Asset metadata does not include sha256 hash
2020-10-08T14:13:58-0400 [INFO    ] backups2datalad.py Asset in dataset, hash not available, and size is unchanged; will not update
2020-10-08T14:13:58-0400 [INFO    ] backups2datalad.py Syncing asset /sub-YutaMouse33/sub-YutaMouse33_ses-YutaMouse33-150226_behavior+ecephys.nwb
2020-10-08T14:13:58-0400 [WARNING ] backups2datalad.py Asset metadata does not include sha256 hash
2020-10-08T14:13:59-0400 [INFO    ] backups2datalad.py Asset in dataset, hash not available, and size is unchanged; will not update
2020-10-08T14:13:59-0400 [INFO    ] backups2datalad.py Syncing asset /sub-YutaMouse37/sub-YutaMouse37_ses-YutaMouse37-150609_behavior+ecephys.nwb
2020-10-08T14:13:59-0400 [WARNING ] backups2datalad.py Asset metadata does not include sha256 hash
2020-10-08T14:13:59-0400 [INFO    ] backups2datalad.py Asset in dataset, hash not available, and size is unchanged; will not update
2020-10-08T14:13:59-0400 [INFO    ] backups2datalad.py Syncing asset /sub-YutaMouse37/sub-YutaMouse37_ses-YutaMouse37-150610_behavior+ecephys.nwb
2020-10-08T14:13:59-0400 [WARNING ] backups2datalad.py Asset metadata does not include sha256 hash
2020-10-08T14:13:59-0400 [INFO    ] backups2datalad.py Asset in dataset, hash not available, and size is unchanged; will not update
2020-10-08T14:13:59-0400 [INFO    ] backups2datalad.py Syncing asset /sub-YutaMouse37/sub-YutaMouse37_ses-YutaMouse37-150611_behavior+ecephys.nwb
2020-10-08T14:13:59-0400 [WARNING ] backups2datalad.py Asset metadata does not include sha256 hash
2020-10-08T14:13:59-0400 [INFO    ] backups2datalad.py Asset in dataset, hash not available, and size is unchanged; will not update
2020-10-08T14:13:59-0400 [INFO    ] backups2datalad.py Syncing asset /sub-YutaMouse37/sub-YutaMouse37_ses-YutaMouse37-150612_behavior+ecephys.nwb
2020-10-08T14:13:59-0400 [WARNING ] backups2datalad.py Asset metadata does not include sha256 hash
2020-10-08T14:14:00-0400 [INFO    ] backups2datalad.py Asset in dataset, hash not available, and size is unchanged; will not update
2020-10-08T14:14:00-0400 [INFO    ] backups2datalad.py Syncing asset /sub-YutaMouse37/sub-YutaMouse37_ses-YutaMouse37-150617_behavior+ecephys.nwb
2020-10-08T14:14:00-0400 [WARNING ] backups2datalad.py Asset metadata does not include sha256 hash
2020-10-08T14:14:00-0400 [INFO    ] backups2datalad.py Asset in dataset, hash not available, and size is unchanged; will not update
2020-10-08T14:14:00-0400 [INFO    ] backups2datalad.py Syncing asset /sub-YutaMouse38/sub-YutaMouse38_ses-YutaMouse38-150709_behavior+ecephys.nwb
2020-10-08T14:14:00-0400 [WARNING ] backups2datalad.py Asset metadata does not include sha256 hash
2020-10-08T14:14:00-0400 [INFO    ] backups2datalad.py Asset in dataset, hash not available, and size is unchanged; will not update
2020-10-08T14:14:00-0400 [INFO    ] backups2datalad.py Syncing asset /sub-YutaMouse39/sub-YutaMouse39_ses-YutaMouse39-150727_behavior+ecephys.nwb
2020-10-08T14:14:00-0400 [WARNING ] backups2datalad.py Asset metadata does not include sha256 hash
2020-10-08T14:14:01-0400 [INFO    ] backups2datalad.py Asset in dataset, hash not available, and size is unchanged; will not update
2020-10-08T14:14:01-0400 [INFO    ] backups2datalad.py Syncing asset /sub-YutaMouse39/sub-YutaMouse39_ses-YutaMouse39-150728_behavior+ecephys.nwb
2020-10-08T14:14:01-0400 [WARNING ] backups2datalad.py Asset metadata does not include sha256 hash
2020-10-08T14:14:01-0400 [INFO    ] backups2datalad.py Asset in dataset, hash not available, and size is unchanged; will not update
2020-10-08T14:14:01-0400 [INFO    ] backups2datalad.py Syncing asset /sub-YutaMouse39/sub-YutaMouse39_ses-YutaMouse39-150729_behavior+ecephys.nwb
2020-10-08T14:14:01-0400 [WARNING ] backups2datalad.py Asset metadata does not include sha256 hash
2020-10-08T14:14:01-0400 [INFO    ] backups2datalad.py Asset in dataset, hash not available, and size is unchanged; will not update
2020-10-08T14:14:01-0400 [INFO    ] backups2datalad.py Syncing asset /sub-YutaMouse39/sub-YutaMouse39_ses-YutaMouse39-150730_behavior+ecephys.nwb
2020-10-08T14:14:01-0400 [WARNING ] backups2datalad.py Asset metadata does not include sha256 hash
2020-10-08T14:14:01-0400 [INFO    ] backups2datalad.py Asset in dataset, hash not available, and size is unchanged; will not update
2020-10-08T14:14:01-0400 [INFO    ] backups2datalad.py Syncing asset /sub-YutaMouse39/sub-YutaMouse39_ses-YutaMouse39-150731_behavior+ecephys.nwb
2020-10-08T14:14:01-0400 [WARNING ] backups2datalad.py Asset metadata does not include sha256 hash
2020-10-08T14:14:02-0400 [INFO    ] backups2datalad.py Asset in dataset, hash not available, and size is unchanged; will not update
2020-10-08T14:14:02-0400 [INFO    ] backups2datalad.py Syncing asset /sub-YutaMouse39/sub-YutaMouse39_ses-YutaMouse39-150803_behavior+ecephys.nwb
2020-10-08T14:14:02-0400 [WARNING ] backups2datalad.py Asset metadata does not include sha256 hash
2020-10-08T14:14:02-0400 [INFO    ] backups2datalad.py Asset in dataset, hash not available, and size is unchanged; will not update
2020-10-08T14:14:02-0400 [INFO    ] backups2datalad.py Syncing asset /sub-YutaMouse39/sub-YutaMouse39_ses-YutaMouse39-150804_behavior+ecephys.nwb
2020-10-08T14:14:02-0400 [WARNING ] backups2datalad.py Asset metadata does not include sha256 hash
2020-10-08T14:14:02-0400 [INFO    ] backups2datalad.py Asset in dataset, hash not available, and size is unchanged; will not update
2020-10-08T14:14:02-0400 [INFO    ] backups2datalad.py Syncing asset /sub-YutaMouse40/sub-YutaMouse40_ses-YutaMouse40-150812_behavior+ecephys.nwb
2020-10-08T14:14:02-0400 [WARNING ] backups2datalad.py Asset metadata does not include sha256 hash
2020-10-08T14:14:03-0400 [INFO    ] backups2datalad.py Asset in dataset, hash not available, and size is unchanged; will not update
2020-10-08T14:14:03-0400 [INFO    ] backups2datalad.py Syncing asset /sub-YutaMouse40/sub-YutaMouse40_ses-YutaMouse40-150814_behavior+ecephys.nwb
2020-10-08T14:14:03-0400 [WARNING ] backups2datalad.py Asset metadata does not include sha256 hash
2020-10-08T14:14:03-0400 [INFO    ] backups2datalad.py Asset in dataset, hash not available, and size is unchanged; will not update
2020-10-08T14:14:03-0400 [INFO    ] backups2datalad.py Syncing asset /sub-YutaMouse40/sub-YutaMouse40_ses-YutaMouse40-150816_behavior+ecephys.nwb
2020-10-08T14:14:03-0400 [WARNING ] backups2datalad.py Asset metadata does not include sha256 hash
2020-10-08T14:14:03-0400 [INFO    ] backups2datalad.py Asset in dataset, hash not available, and size is unchanged; will not update
2020-10-08T14:14:03-0400 [INFO    ] backups2datalad.py Syncing asset /sub-YutaMouse41/sub-YutaMouse41_ses-YutaMouse41-150829_behavior+ecephys.nwb
2020-10-08T14:14:03-0400 [WARNING ] backups2datalad.py Asset metadata does not include sha256 hash
2020-10-08T14:14:03-0400 [INFO    ] backups2datalad.py Asset in dataset, hash not available, and size is unchanged; will not update
2020-10-08T14:14:03-0400 [INFO    ] backups2datalad.py Syncing asset /sub-YutaMouse41/sub-YutaMouse41_ses-YutaMouse41-150831_behavior+ecephys.nwb
2020-10-08T14:14:03-0400 [WARNING ] backups2datalad.py Asset metadata does not include sha256 hash
2020-10-08T14:14:04-0400 [INFO    ] backups2datalad.py Asset in dataset, hash not available, and size is unchanged; will not update
2020-10-08T14:14:04-0400 [INFO    ] backups2datalad.py Syncing asset /sub-YutaMouse41/sub-YutaMouse41_ses-YutaMouse41-150901_behavior+ecephys.nwb
2020-10-08T14:14:04-0400 [WARNING ] backups2datalad.py Asset metadata does not include sha256 hash
2020-10-08T14:14:04-0400 [INFO    ] backups2datalad.py Asset in dataset, hash not available, and size is unchanged; will not update
2020-10-08T14:14:04-0400 [INFO    ] backups2datalad.py Syncing asset /sub-YutaMouse41/sub-YutaMouse41_ses-YutaMouse41-150902_behavior+ecephys.nwb
2020-10-08T14:14:04-0400 [WARNING ] backups2datalad.py Asset metadata does not include sha256 hash
2020-10-08T14:14:04-0400 [INFO    ] backups2datalad.py Asset in dataset, hash not available, and size is unchanged; will not update
2020-10-08T14:14:04-0400 [INFO    ] backups2datalad.py Syncing asset /sub-YutaMouse41/sub-YutaMouse41_ses-YutaMouse41-150903_behavior+ecephys.nwb
2020-10-08T14:14:04-0400 [WARNING ] backups2datalad.py Asset metadata does not include sha256 hash
2020-10-08T14:14:05-0400 [INFO    ] backups2datalad.py Asset in dataset, hash not available, and size is unchanged; will not update
2020-10-08T14:14:05-0400 [INFO    ] backups2datalad.py Syncing asset /sub-YutaMouse41/sub-YutaMouse41_ses-YutaMouse41-150908_behavior+ecephys.nwb
2020-10-08T14:14:05-0400 [WARNING ] backups2datalad.py Asset metadata does not include sha256 hash
2020-10-08T14:14:05-0400 [INFO    ] backups2datalad.py Asset in dataset, hash not available, and size is unchanged; will not update
2020-10-08T14:14:05-0400 [INFO    ] backups2datalad.py Syncing asset /sub-YutaMouse41/sub-YutaMouse41_ses-YutaMouse41-150909_behavior+ecephys.nwb
2020-10-08T14:14:05-0400 [WARNING ] backups2datalad.py Asset metadata does not include sha256 hash
2020-10-08T14:14:05-0400 [INFO    ] backups2datalad.py Asset in dataset, hash not available, and size is unchanged; will not update
2020-10-08T14:14:05-0400 [INFO    ] backups2datalad.py Syncing asset /sub-YutaMouse41/sub-YutaMouse41_ses-YutaMouse41-150910_behavior+ecephys.nwb
2020-10-08T14:14:05-0400 [WARNING ] backups2datalad.py Asset metadata does not include sha256 hash
2020-10-08T14:14:06-0400 [INFO    ] backups2datalad.py Asset in dataset, hash not available, and size is unchanged; will not update
2020-10-08T14:14:06-0400 [INFO    ] backups2datalad.py Syncing asset /sub-YutaMouse41/sub-YutaMouse41_ses-YutaMouse41-150911_behavior+ecephys.nwb
2020-10-08T14:14:06-0400 [WARNING ] backups2datalad.py Asset metadata does not include sha256 hash
2020-10-08T14:14:06-0400 [INFO    ] backups2datalad.py Asset in dataset, hash not available, and size is unchanged; will not update
2020-10-08T14:14:06-0400 [INFO    ] backups2datalad.py Syncing asset /sub-YutaMouse42/sub-YutaMouse42_ses-YutaMouse42-151102_behavior+ecephys.nwb
2020-10-08T14:14:06-0400 [WARNING ] backups2datalad.py Asset metadata does not include sha256 hash
2020-10-08T14:14:06-0400 [INFO    ] backups2datalad.py Asset in dataset, hash not available, and size is unchanged; will not update
2020-10-08T14:14:06-0400 [INFO    ] backups2datalad.py Syncing asset /sub-YutaMouse42/sub-YutaMouse42_ses-YutaMouse42-151104_behavior+ecephys.nwb
2020-10-08T14:14:06-0400 [WARNING ] backups2datalad.py Asset metadata does not include sha256 hash
2020-10-08T14:14:06-0400 [INFO    ] backups2datalad.py Asset in dataset, hash not available, and size is unchanged; will not update
2020-10-08T14:14:06-0400 [INFO    ] backups2datalad.py Syncing asset /sub-YutaMouse42/sub-YutaMouse42_ses-YutaMouse42-151105_behavior+ecephys.nwb
2020-10-08T14:14:06-0400 [WARNING ] backups2datalad.py Asset metadata does not include sha256 hash
2020-10-08T14:14:07-0400 [INFO    ] backups2datalad.py Asset in dataset, hash not available, and size is unchanged; will not update
2020-10-08T14:14:07-0400 [INFO    ] backups2datalad.py Syncing asset /sub-YutaMouse42/sub-YutaMouse42_ses-YutaMouse42-151106_behavior+ecephys.nwb
2020-10-08T14:14:07-0400 [WARNING ] backups2datalad.py Asset metadata does not include sha256 hash
2020-10-08T14:14:07-0400 [INFO    ] backups2datalad.py Asset in dataset, hash not available, and size is unchanged; will not update
2020-10-08T14:14:07-0400 [INFO    ] backups2datalad.py Syncing asset /sub-YutaMouse42/sub-YutaMouse42_ses-YutaMouse42-151108_behavior+ecephys.nwb
2020-10-08T14:14:07-0400 [WARNING ] backups2datalad.py Asset metadata does not include sha256 hash
2020-10-08T14:14:07-0400 [INFO    ] backups2datalad.py Asset in dataset, hash not available, and size is unchanged; will not update
2020-10-08T14:14:07-0400 [INFO    ] backups2datalad.py Syncing asset /sub-YutaMouse42/sub-YutaMouse42_ses-YutaMouse42-151109_ecephys.nwb
2020-10-08T14:14:07-0400 [WARNING ] backups2datalad.py Asset metadata does not include sha256 hash
2020-10-08T14:14:08-0400 [INFO    ] backups2datalad.py Asset in dataset, hash not available, and size is unchanged; will not update
2020-10-08T14:14:08-0400 [INFO    ] backups2datalad.py Syncing asset /sub-YutaMouse42/sub-YutaMouse42_ses-YutaMouse42-151110_ecephys.nwb
2020-10-08T14:14:08-0400 [WARNING ] backups2datalad.py Asset metadata does not include sha256 hash
2020-10-08T14:14:08-0400 [INFO    ] backups2datalad.py Asset in dataset, hash not available, and size is unchanged; will not update
2020-10-08T14:14:08-0400 [INFO    ] backups2datalad.py Syncing asset /sub-YutaMouse42/sub-YutaMouse42_ses-YutaMouse42-151111_ecephys.nwb
2020-10-08T14:14:08-0400 [WARNING ] backups2datalad.py Asset metadata does not include sha256 hash
2020-10-08T14:14:08-0400 [INFO    ] backups2datalad.py Asset in dataset, hash not available, and size is unchanged; will not update
2020-10-08T14:14:08-0400 [INFO    ] backups2datalad.py Syncing asset /sub-YutaMouse42/sub-YutaMouse42_ses-YutaMouse42-151112_behavior+ecephys.nwb
2020-10-08T14:14:08-0400 [WARNING ] backups2datalad.py Asset metadata does not include sha256 hash
2020-10-08T14:14:09-0400 [INFO    ] backups2datalad.py Asset in dataset, hash not available, and size is unchanged; will not update
2020-10-08T14:14:09-0400 [INFO    ] backups2datalad.py Syncing asset /sub-YutaMouse42/sub-YutaMouse42_ses-YutaMouse42-151113_behavior+ecephys.nwb
2020-10-08T14:14:09-0400 [WARNING ] backups2datalad.py Asset metadata does not include sha256 hash
2020-10-08T14:14:09-0400 [INFO    ] backups2datalad.py Asset in dataset, hash not available, and size is unchanged; will not update
2020-10-08T14:14:09-0400 [INFO    ] backups2datalad.py Syncing asset /sub-YutaMouse42/sub-YutaMouse42_ses-YutaMouse42-151114_behavior+ecephys.nwb
2020-10-08T14:14:09-0400 [WARNING ] backups2datalad.py Asset metadata does not include sha256 hash
2020-10-08T14:14:09-0400 [INFO    ] backups2datalad.py Asset in dataset, hash not available, and size is unchanged; will not update
2020-10-08T14:14:09-0400 [INFO    ] backups2datalad.py Syncing asset /sub-YutaMouse42/sub-YutaMouse42_ses-YutaMouse42-151116_behavior+ecephys.nwb
2020-10-08T14:14:09-0400 [WARNING ] backups2datalad.py Asset metadata does not include sha256 hash
2020-10-08T14:14:09-0400 [INFO    ] backups2datalad.py Asset in dataset, hash not available, and size is unchanged; will not update
2020-10-08T14:14:09-0400 [INFO    ] backups2datalad.py Syncing asset /sub-YutaMouse42/sub-YutaMouse42_ses-YutaMouse42-151117_behavior+ecephys.nwb
2020-10-08T14:14:09-0400 [WARNING ] backups2datalad.py Asset metadata does not include sha256 hash
2020-10-08T14:14:10-0400 [INFO    ] backups2datalad.py Asset in dataset, hash not available, and size is unchanged; will not update
2020-10-08T14:14:10-0400 [INFO    ] backups2datalad.py Syncing asset /sub-YutaMouse42/sub-YutaMouse42_ses-YutaMouse42-151118_behavior+ecephys.nwb
2020-10-08T14:14:10-0400 [WARNING ] backups2datalad.py Asset metadata does not include sha256 hash
2020-10-08T14:14:10-0400 [INFO    ] backups2datalad.py Asset in dataset, hash not available, and size is unchanged; will not update
2020-10-08T14:14:10-0400 [INFO    ] backups2datalad.py Syncing asset /sub-YutaMouse44/sub-YutaMouse44_ses-YutaMouse44-151129_behavior+ecephys.nwb
2020-10-08T14:14:10-0400 [WARNING ] backups2datalad.py Asset metadata does not include sha256 hash
2020-10-08T14:14:10-0400 [INFO    ] backups2datalad.py Asset in dataset, hash not available, and size is unchanged; will not update
2020-10-08T14:14:10-0400 [INFO    ] backups2datalad.py Syncing asset /sub-YutaMouse51/sub-YutaMouse51_ses-YutaMouse51-160515_behavior+ecephys.nwb
2020-10-08T14:14:10-0400 [WARNING ] backups2datalad.py Asset metadata does not include sha256 hash
2020-10-08T14:14:11-0400 [INFO    ] backups2datalad.py Asset in dataset, hash not available, and size is unchanged; will not update
2020-10-08T14:14:11-0400 [INFO    ] backups2datalad.py Syncing asset /sub-YutaMouse51/sub-YutaMouse51_ses-YutaMouse51-160516_behavior+ecephys.nwb
2020-10-08T14:14:11-0400 [WARNING ] backups2datalad.py Asset metadata does not include sha256 hash
2020-10-08T14:14:11-0400 [INFO    ] backups2datalad.py Asset in dataset, hash not available, and size is unchanged; will not update
2020-10-08T14:14:11-0400 [INFO    ] backups2datalad.py Syncing asset /sub-YutaMouse51/sub-YutaMouse51_ses-YutaMouse51b160514_behavior+ecephys.nwb
2020-10-08T14:14:11-0400 [WARNING ] backups2datalad.py Asset metadata does not include sha256 hash
2020-10-08T14:14:11-0400 [INFO    ] backups2datalad.py Asset in dataset, hash not available, and size is unchanged; will not update
2020-10-08T14:14:11-0400 [INFO    ] backups2datalad.py Syncing asset /sub-YutaMouse51/sub-YutaMouse51_ses-YutaMouse51b160516_behavior+ecephys.nwb
2020-10-08T14:14:11-0400 [WARNING ] backups2datalad.py Asset metadata does not include sha256 hash
2020-10-08T14:14:12-0400 [INFO    ] backups2datalad.py Asset in dataset, hash not available, and size is unchanged; will not update
2020-10-08T14:14:12-0400 [INFO    ] backups2datalad.py Syncing asset /sub-YutaMouse54/sub-YutaMouse54_ses-YutaMouse54-160630_behavior+ecephys.nwb
2020-10-08T14:14:12-0400 [WARNING ] backups2datalad.py Asset metadata does not include sha256 hash
2020-10-08T14:14:12-0400 [INFO    ] backups2datalad.py Asset in dataset, hash not available, and size is unchanged; will not update
2020-10-08T14:14:12-0400 [INFO    ] backups2datalad.py Syncing asset /sub-YutaMouse54/sub-YutaMouse54_ses-YutaMouse54-160701_behavior+ecephys.nwb
2020-10-08T14:14:12-0400 [WARNING ] backups2datalad.py Asset metadata does not include sha256 hash
2020-10-08T14:14:12-0400 [INFO    ] backups2datalad.py Asset in dataset, hash not available, and size is unchanged; will not update
2020-10-08T14:14:12-0400 [INFO    ] backups2datalad.py Syncing asset /sub-YutaMouse54/sub-YutaMouse54_ses-YutaMouse54-160702_behavior+ecephys.nwb
2020-10-08T14:14:12-0400 [WARNING ] backups2datalad.py Asset metadata does not include sha256 hash
2020-10-08T14:14:12-0400 [INFO    ] backups2datalad.py Asset in dataset, hash not available, and size is unchanged; will not update
2020-10-08T14:14:12-0400 [INFO    ] backups2datalad.py Syncing asset /sub-YutaMouse54/sub-YutaMouse54_ses-YutaMouse54b160702_behavior+ecephys.nwb
2020-10-08T14:14:12-0400 [WARNING ] backups2datalad.py Asset metadata does not include sha256 hash
2020-10-08T14:14:13-0400 [INFO    ] backups2datalad.py Asset in dataset, hash not available, and size is unchanged; will not update
2020-10-08T14:14:13-0400 [INFO    ] backups2datalad.py Syncing asset /sub-YutaMouse55/sub-YutaMouse55_ses-YutaMouse55-160906_ecephys.nwb
2020-10-08T14:14:13-0400 [WARNING ] backups2datalad.py Asset metadata does not include sha256 hash
2020-10-08T14:14:13-0400 [INFO    ] backups2datalad.py Asset in dataset, hash not available, and size is unchanged; will not update
2020-10-08T14:14:13-0400 [INFO    ] backups2datalad.py Syncing asset /sub-YutaMouse55/sub-YutaMouse55_ses-YutaMouse55-160907_behavior+ecephys.nwb
2020-10-08T14:14:13-0400 [WARNING ] backups2datalad.py Asset metadata does not include sha256 hash
2020-10-08T14:14:13-0400 [INFO    ] backups2datalad.py Asset in dataset, hash not available, and size is unchanged; will not update
2020-10-08T14:14:13-0400 [INFO    ] backups2datalad.py Syncing asset /sub-YutaMouse55/sub-YutaMouse55_ses-YutaMouse55-160908_behavior+ecephys.nwb
2020-10-08T14:14:13-0400 [WARNING ] backups2datalad.py Asset metadata does not include sha256 hash
2020-10-08T14:14:14-0400 [INFO    ] backups2datalad.py Asset in dataset, hash not available, and size is unchanged; will not update
2020-10-08T14:14:14-0400 [INFO    ] backups2datalad.py Syncing asset /sub-YutaMouse55/sub-YutaMouse55_ses-YutaMouse55-160909_behavior+ecephys.nwb
2020-10-08T14:14:14-0400 [WARNING ] backups2datalad.py Asset metadata does not include sha256 hash
2020-10-08T14:14:14-0400 [INFO    ] backups2datalad.py Asset in dataset, hash not available, and size is unchanged; will not update
2020-10-08T14:14:14-0400 [INFO    ] backups2datalad.py Syncing asset /sub-YutaMouse55/sub-YutaMouse55_ses-YutaMouse55-160910_behavior+ecephys.nwb
2020-10-08T14:14:14-0400 [WARNING ] backups2datalad.py Asset metadata does not include sha256 hash
2020-10-08T14:14:14-0400 [INFO    ] backups2datalad.py Asset in dataset, hash not available, and size is unchanged; will not update
2020-10-08T14:14:14-0400 [INFO    ] backups2datalad.py Syncing asset /sub-YutaMouse55/sub-YutaMouse55_ses-YutaMouse55-160911_behavior+ecephys.nwb
2020-10-08T14:14:14-0400 [WARNING ] backups2datalad.py Asset metadata does not include sha256 hash
2020-10-08T14:14:14-0400 [INFO    ] backups2datalad.py Asset in dataset, hash not available, and size is unchanged; will not update
2020-10-08T14:14:14-0400 [INFO    ] backups2datalad.py Syncing asset /sub-YutaMouse55/sub-YutaMouse55_ses-YutaMouse55b160907_behavior+ecephys.nwb
2020-10-08T14:14:14-0400 [WARNING ] backups2datalad.py Asset metadata does not include sha256 hash
2020-10-08T14:14:15-0400 [INFO    ] backups2datalad.py Asset in dataset, hash not available, and size is unchanged; will not update
2020-10-08T14:14:15-0400 [INFO    ] backups2datalad.py Syncing asset /sub-YutaMouse56/sub-YutaMouse56_ses-YutaMouse56-160911_behavior+ecephys.nwb
2020-10-08T14:14:15-0400 [WARNING ] backups2datalad.py Asset metadata does not include sha256 hash
2020-10-08T14:14:15-0400 [INFO    ] backups2datalad.py Asset in dataset, hash not available, and size is unchanged; will not update
2020-10-08T14:14:15-0400 [INFO    ] backups2datalad.py Syncing asset /sub-YutaMouse56/sub-YutaMouse56_ses-YutaMouse56-160912_behavior+ecephys.nwb
2020-10-08T14:14:15-0400 [WARNING ] backups2datalad.py Asset metadata does not include sha256 hash
2020-10-08T14:14:15-0400 [INFO    ] backups2datalad.py Asset in dataset, hash not available, and size is unchanged; will not update
2020-10-08T14:14:15-0400 [INFO    ] backups2datalad.py Syncing asset /sub-YutaMouse56/sub-YutaMouse56_ses-YutaMouse56-160913_behavior+ecephys.nwb
2020-10-08T14:14:15-0400 [WARNING ] backups2datalad.py Asset metadata does not include sha256 hash
2020-10-08T14:14:16-0400 [INFO    ] backups2datalad.py Asset in dataset, hash not available, and size is unchanged; will not update
2020-10-08T14:14:16-0400 [INFO    ] backups2datalad.py Syncing asset /sub-YutaMouse56/sub-YutaMouse56_ses-YutaMouse56-160914_behavior+ecephys.nwb
2020-10-08T14:14:16-0400 [WARNING ] backups2datalad.py Asset metadata does not include sha256 hash
2020-10-08T14:14:16-0400 [INFO    ] backups2datalad.py Asset in dataset, hash not available, and size is unchanged; will not update
2020-10-08T14:14:16-0400 [INFO    ] backups2datalad.py Syncing asset /sub-YutaMouse56/sub-YutaMouse56_ses-YutaMouse56-160915_behavior+ecephys.nwb
2020-10-08T14:14:16-0400 [WARNING ] backups2datalad.py Asset metadata does not include sha256 hash
2020-10-08T14:14:16-0400 [INFO    ] backups2datalad.py Asset in dataset, hash not available, and size is unchanged; will not update
2020-10-08T14:14:16-0400 [INFO    ] backups2datalad.py Syncing asset /sub-YutaMouse56/sub-YutaMouse56_ses-YutaMouse56-160916_behavior+ecephys.nwb
2020-10-08T14:14:16-0400 [WARNING ] backups2datalad.py Asset metadata does not include sha256 hash
2020-10-08T14:14:17-0400 [INFO    ] backups2datalad.py Asset in dataset, hash not available, and size is unchanged; will not update
2020-10-08T14:14:17-0400 [INFO    ] backups2datalad.py Syncing asset /sub-YutaMouse56/sub-YutaMouse56_ses-YutaMouse56b160913_behavior+ecephys.nwb
2020-10-08T14:14:17-0400 [WARNING ] backups2datalad.py Asset metadata does not include sha256 hash
2020-10-08T14:14:17-0400 [INFO    ] backups2datalad.py Asset in dataset, hash not available, and size is unchanged; will not update
2020-10-08T14:14:17-0400 [INFO    ] backups2datalad.py Syncing asset /sub-YutaMouse56/sub-YutaMouse56_ses-YutaMouse56b160914_behavior+ecephys.nwb
2020-10-08T14:14:17-0400 [WARNING ] backups2datalad.py Asset metadata does not include sha256 hash
2020-10-08T14:14:17-0400 [INFO    ] backups2datalad.py Asset in dataset, hash not available, and size is unchanged; will not update
2020-10-08T14:14:17-0400 [INFO    ] backups2datalad.py Syncing asset /sub-YutaMouse56/sub-YutaMouse56_ses-YutaMouse56b160915_behavior+ecephys.nwb
2020-10-08T14:14:17-0400 [WARNING ] backups2datalad.py Asset metadata does not include sha256 hash
2020-10-08T14:14:17-0400 [INFO    ] backups2datalad.py Asset in dataset, hash not available, and size is unchanged; will not update
2020-10-08T14:14:18-0400 [INFO    ] backups2datalad.py Syncing asset /sub-YutaMouse57/sub-YutaMouse57_ses-YutaMouse57-161004_behavior+ecephys.nwb
2020-10-08T14:14:18-0400 [WARNING ] backups2datalad.py Asset metadata does not include sha256 hash
2020-10-08T14:14:18-0400 [INFO    ] backups2datalad.py Asset in dataset, hash not available, and size is unchanged; will not update
2020-10-08T14:14:18-0400 [INFO    ] backups2datalad.py Syncing asset /sub-YutaMouse57/sub-YutaMouse57_ses-YutaMouse57-161006_behavior+ecephys.nwb
2020-10-08T14:14:18-0400 [WARNING ] backups2datalad.py Asset metadata does not include sha256 hash
2020-10-08T14:14:18-0400 [INFO    ] backups2datalad.py Asset in dataset, hash not available, and size is unchanged; will not update
2020-10-08T14:14:18-0400 [INFO    ] backups2datalad.py Syncing asset /sub-YutaMouse57/sub-YutaMouse57_ses-YutaMouse57-161007_behavior+ecephys.nwb
2020-10-08T14:14:18-0400 [WARNING ] backups2datalad.py Asset metadata does not include sha256 hash
2020-10-08T14:14:18-0400 [INFO    ] backups2datalad.py Asset in dataset, hash not available, and size is unchanged; will not update
2020-10-08T14:14:18-0400 [INFO    ] backups2datalad.py Syncing asset /sub-YutaMouse57/sub-YutaMouse57_ses-YutaMouse57-161010_behavior+ecephys.nwb
2020-10-08T14:14:18-0400 [WARNING ] backups2datalad.py Asset metadata does not include sha256 hash
2020-10-08T14:14:19-0400 [INFO    ] backups2datalad.py Asset in dataset, hash not available, and size is unchanged; will not update
2020-10-08T14:14:19-0400 [INFO    ] backups2datalad.py Syncing asset /sub-YutaMouse57/sub-YutaMouse57_ses-YutaMouse57-161011_behavior+ecephys.nwb
2020-10-08T14:14:19-0400 [WARNING ] backups2datalad.py Asset metadata does not include sha256 hash
2020-10-08T14:14:19-0400 [INFO    ] backups2datalad.py Asset in dataset, hash not available, and size is unchanged; will not update
2020-10-08T14:14:19-0400 [INFO    ] backups2datalad.py Syncing asset /sub-YutaMouse57/sub-YutaMouse57_ses-YutaMouse57-161013_behavior+ecephys.nwb
2020-10-08T14:14:19-0400 [WARNING ] backups2datalad.py Asset metadata does not include sha256 hash
2020-10-08T14:14:19-0400 [INFO    ] backups2datalad.py Asset in dataset, hash not available, and size is unchanged; will not update
2020-10-08T14:14:19-0400 [INFO    ] backups2datalad.py Syncing asset /sub-YutaMouse57/sub-YutaMouse57_ses-YutaMouse57-161014_behavior+ecephys.nwb
2020-10-08T14:14:19-0400 [WARNING ] backups2datalad.py Asset metadata does not include sha256 hash
2020-10-08T14:14:20-0400 [INFO    ] backups2datalad.py Asset in dataset, hash not available, and size is unchanged; will not update
2020-10-08T14:14:20-0400 [INFO    ] backups2datalad.py Syncing asset /sub-YutaMouse57/sub-YutaMouse57_ses-YutaMouse57-161016_behavior+ecephys.nwb
2020-10-08T14:14:20-0400 [WARNING ] backups2datalad.py Asset metadata does not include sha256 hash
2020-10-08T14:14:20-0400 [INFO    ] backups2datalad.py Asset in dataset, hash not available, and size is unchanged; will not update
2020-10-08T14:14:20-0400 [INFO    ] backups2datalad.py Commiting changes
