2020-10-08T14:10:03-0400 [INFO    ] dandi Traversing remote dandisets (000003) recursively
2020-10-08T14:10:03-0400 [INFO    ] backups2datalad.py Updating metadata file
2020-10-08T14:10:08-0400 [INFO    ] backups2datalad.py Syncing asset /sub-YutaMouse20/sub-YutaMouse20_ses-YutaMouse20-140321_behavior+ecephys.nwb
2020-10-08T14:10:08-0400 [WARNING ] backups2datalad.py Asset metadata does not include sha256 hash
2020-10-08T14:10:09-0400 [INFO    ] backups2datalad.py Asset in dataset, hash not available, and size is unchanged; will not update
2020-10-08T14:10:09-0400 [INFO    ] backups2datalad.py Syncing asset /sub-YutaMouse20/sub-YutaMouse20_ses-YutaMouse20-140324_behavior+ecephys.nwb
2020-10-08T14:10:09-0400 [WARNING ] backups2datalad.py Asset metadata does not include sha256 hash
2020-10-08T14:10:09-0400 [INFO    ] backups2datalad.py Asset in dataset, hash not available, and size is unchanged; will not update
2020-10-08T14:10:09-0400 [INFO    ] backups2datalad.py Syncing asset /sub-YutaMouse20/sub-YutaMouse20_ses-YutaMouse20-140325_behavior+ecephys.nwb
2020-10-08T14:10:09-0400 [WARNING ] backups2datalad.py Asset metadata does not include sha256 hash
2020-10-08T14:10:09-0400 [INFO    ] backups2datalad.py Asset in dataset, hash not available, and size is unchanged; will not update
2020-10-08T14:10:09-0400 [INFO    ] backups2datalad.py Syncing asset /sub-YutaMouse20/sub-YutaMouse20_ses-YutaMouse20-140327_behavior+ecephys.nwb
2020-10-08T14:10:09-0400 [WARNING ] backups2datalad.py Asset metadata does not include sha256 hash
2020-10-08T14:10:10-0400 [INFO    ] backups2datalad.py Asset in dataset, hash not available, and size is unchanged; will not update
2020-10-08T14:10:10-0400 [INFO    ] backups2datalad.py Syncing asset /sub-YutaMouse20/sub-YutaMouse20_ses-YutaMouse20-140328_behavior+ecephys.nwb
2020-10-08T14:10:10-0400 [WARNING ] backups2datalad.py Asset metadata does not include sha256 hash
2020-10-08T14:10:10-0400 [INFO    ] backups2datalad.py Asset in dataset, hash not available, and size is unchanged; will not update
2020-10-08T14:10:10-0400 [INFO    ] backups2datalad.py Syncing asset /sub-YutaMouse23/sub-YutaMouse23_ses-YutaMouse23-140804_behavior+ecephys.nwb
2020-10-08T14:10:10-0400 [WARNING ] backups2datalad.py Asset metadata does not include sha256 hash
2020-10-08T14:10:10-0400 [INFO    ] backups2datalad.py Asset in dataset, hash not available, and size is unchanged; will not update
2020-10-08T14:10:10-0400 [INFO    ] backups2datalad.py Syncing asset /sub-YutaMouse23/sub-YutaMouse23_ses-YutaMouse23-140805_behavior+ecephys.nwb
2020-10-08T14:10:10-0400 [WARNING ] backups2datalad.py Asset metadata does not include sha256 hash
2020-10-08T14:10:11-0400 [INFO    ] backups2datalad.py Asset in dataset, hash not available, and size is unchanged; will not update
2020-10-08T14:10:11-0400 [INFO    ] backups2datalad.py Syncing asset /sub-YutaMouse23/sub-YutaMouse23_ses-YutaMouse23-140806_behavior+ecephys.nwb
2020-10-08T14:10:11-0400 [WARNING ] backups2datalad.py Asset metadata does not include sha256 hash
2020-10-08T14:10:11-0400 [INFO    ] backups2datalad.py Asset in dataset, hash not available, and size is unchanged; will not update
2020-10-08T14:10:11-0400 [INFO    ] backups2datalad.py Syncing asset /sub-YutaMouse33/sub-YutaMouse33_ses-YutaMouse33-150218_behavior+ecephys.nwb
2020-10-08T14:10:11-0400 [WARNING ] backups2datalad.py Asset metadata does not include sha256 hash
2020-10-08T14:10:11-0400 [INFO    ] backups2datalad.py Asset in dataset, hash not available, and size is unchanged; will not update
2020-10-08T14:10:11-0400 [INFO    ] backups2datalad.py Syncing asset /sub-YutaMouse33/sub-YutaMouse33_ses-YutaMouse33-150219_behavior+ecephys.nwb
2020-10-08T14:10:11-0400 [WARNING ] backups2datalad.py Asset metadata does not include sha256 hash
2020-10-08T14:10:12-0400 [INFO    ] backups2datalad.py Asset in dataset, hash not available, and size is unchanged; will not update
2020-10-08T14:10:12-0400 [INFO    ] backups2datalad.py Syncing asset /sub-YutaMouse33/sub-YutaMouse33_ses-YutaMouse33-150220_behavior+ecephys.nwb
2020-10-08T14:10:12-0400 [WARNING ] backups2datalad.py Asset metadata does not include sha256 hash
2020-10-08T14:10:12-0400 [INFO    ] backups2datalad.py Asset in dataset, hash not available, and size is unchanged; will not update
2020-10-08T14:10:12-0400 [INFO    ] backups2datalad.py Syncing asset /sub-YutaMouse33/sub-YutaMouse33_ses-YutaMouse33-150221_behavior+ecephys.nwb
2020-10-08T14:10:12-0400 [WARNING ] backups2datalad.py Asset metadata does not include sha256 hash
2020-10-08T14:10:12-0400 [INFO    ] backups2datalad.py Asset in dataset, hash not available, and size is unchanged; will not update
2020-10-08T14:10:12-0400 [INFO    ] backups2datalad.py Syncing asset /sub-YutaMouse33/sub-YutaMouse33_ses-YutaMouse33-150222_behavior+ecephys.nwb
2020-10-08T14:10:12-0400 [WARNING ] backups2datalad.py Asset metadata does not include sha256 hash
2020-10-08T14:10:12-0400 [INFO    ] backups2datalad.py Asset in dataset, hash not available, and size is unchanged; will not update
2020-10-08T14:10:12-0400 [INFO    ] backups2datalad.py Syncing asset /sub-YutaMouse33/sub-YutaMouse33_ses-YutaMouse33-150223_behavior+ecephys.nwb
2020-10-08T14:10:12-0400 [WARNING ] backups2datalad.py Asset metadata does not include sha256 hash
2020-10-08T14:10:13-0400 [INFO    ] backups2datalad.py Asset in dataset, hash not available, and size is unchanged; will not update
2020-10-08T14:10:13-0400 [INFO    ] backups2datalad.py Syncing asset /sub-YutaMouse33/sub-YutaMouse33_ses-YutaMouse33-150225_behavior+ecephys.nwb
2020-10-08T14:10:13-0400 [WARNING ] backups2datalad.py Asset metadata does not include sha256 hash
2020-10-08T14:10:13-0400 [INFO    ] backups2datalad.py Asset in dataset, hash not available, and size is unchanged; will not update
2020-10-08T14:10:13-0400 [INFO    ] backups2datalad.py Syncing asset /sub-YutaMouse33/sub-YutaMouse33_ses-YutaMouse33-150226_behavior+ecephys.nwb
2020-10-08T14:10:13-0400 [WARNING ] backups2datalad.py Asset metadata does not include sha256 hash
2020-10-08T14:10:13-0400 [INFO    ] backups2datalad.py Asset in dataset, hash not available, and size is unchanged; will not update
2020-10-08T14:10:13-0400 [INFO    ] backups2datalad.py Syncing asset /sub-YutaMouse37/sub-YutaMouse37_ses-YutaMouse37-150609_behavior+ecephys.nwb
2020-10-08T14:10:13-0400 [WARNING ] backups2datalad.py Asset metadata does not include sha256 hash
2020-10-08T14:10:14-0400 [INFO    ] backups2datalad.py Asset in dataset, hash not available, and size is unchanged; will not update
2020-10-08T14:10:14-0400 [INFO    ] backups2datalad.py Syncing asset /sub-YutaMouse37/sub-YutaMouse37_ses-YutaMouse37-150610_behavior+ecephys.nwb
2020-10-08T14:10:14-0400 [WARNING ] backups2datalad.py Asset metadata does not include sha256 hash
2020-10-08T14:10:14-0400 [INFO    ] backups2datalad.py Asset in dataset, hash not available, and size is unchanged; will not update
2020-10-08T14:10:14-0400 [INFO    ] backups2datalad.py Syncing asset /sub-YutaMouse37/sub-YutaMouse37_ses-YutaMouse37-150611_behavior+ecephys.nwb
2020-10-08T14:10:14-0400 [WARNING ] backups2datalad.py Asset metadata does not include sha256 hash
2020-10-08T14:10:14-0400 [INFO    ] backups2datalad.py Asset in dataset, hash not available, and size is unchanged; will not update
2020-10-08T14:10:14-0400 [INFO    ] backups2datalad.py Syncing asset /sub-YutaMouse37/sub-YutaMouse37_ses-YutaMouse37-150612_behavior+ecephys.nwb
2020-10-08T14:10:14-0400 [WARNING ] backups2datalad.py Asset metadata does not include sha256 hash
2020-10-08T14:10:15-0400 [INFO    ] backups2datalad.py Asset in dataset, hash not available, and size is unchanged; will not update
2020-10-08T14:10:15-0400 [INFO    ] backups2datalad.py Syncing asset /sub-YutaMouse37/sub-YutaMouse37_ses-YutaMouse37-150617_behavior+ecephys.nwb
2020-10-08T14:10:15-0400 [WARNING ] backups2datalad.py Asset metadata does not include sha256 hash
2020-10-08T14:10:15-0400 [INFO    ] backups2datalad.py Asset in dataset, hash not available, and size is unchanged; will not update
2020-10-08T14:10:15-0400 [INFO    ] backups2datalad.py Syncing asset /sub-YutaMouse38/sub-YutaMouse38_ses-YutaMouse38-150709_behavior+ecephys.nwb
2020-10-08T14:10:15-0400 [WARNING ] backups2datalad.py Asset metadata does not include sha256 hash
2020-10-08T14:10:15-0400 [INFO    ] backups2datalad.py Asset in dataset, hash not available, and size is unchanged; will not update
2020-10-08T14:10:15-0400 [INFO    ] backups2datalad.py Syncing asset /sub-YutaMouse39/sub-YutaMouse39_ses-YutaMouse39-150727_behavior+ecephys.nwb
2020-10-08T14:10:15-0400 [WARNING ] backups2datalad.py Asset metadata does not include sha256 hash
2020-10-08T14:10:16-0400 [INFO    ] backups2datalad.py Asset in dataset, hash not available, and size is unchanged; will not update
2020-10-08T14:10:16-0400 [INFO    ] backups2datalad.py Syncing asset /sub-YutaMouse39/sub-YutaMouse39_ses-YutaMouse39-150728_behavior+ecephys.nwb
2020-10-08T14:10:16-0400 [WARNING ] backups2datalad.py Asset metadata does not include sha256 hash
2020-10-08T14:10:16-0400 [INFO    ] backups2datalad.py Asset in dataset, hash not available, and size is unchanged; will not update
2020-10-08T14:10:16-0400 [INFO    ] backups2datalad.py Syncing asset /sub-YutaMouse39/sub-YutaMouse39_ses-YutaMouse39-150729_behavior+ecephys.nwb
2020-10-08T14:10:16-0400 [WARNING ] backups2datalad.py Asset metadata does not include sha256 hash
2020-10-08T14:10:16-0400 [INFO    ] backups2datalad.py Asset in dataset, hash not available, and size is unchanged; will not update
2020-10-08T14:10:16-0400 [INFO    ] backups2datalad.py Syncing asset /sub-YutaMouse39/sub-YutaMouse39_ses-YutaMouse39-150730_behavior+ecephys.nwb
2020-10-08T14:10:16-0400 [WARNING ] backups2datalad.py Asset metadata does not include sha256 hash
2020-10-08T14:10:16-0400 [INFO    ] backups2datalad.py Asset in dataset, hash not available, and size is unchanged; will not update
2020-10-08T14:10:16-0400 [INFO    ] backups2datalad.py Syncing asset /sub-YutaMouse39/sub-YutaMouse39_ses-YutaMouse39-150731_behavior+ecephys.nwb
2020-10-08T14:10:16-0400 [WARNING ] backups2datalad.py Asset metadata does not include sha256 hash
2020-10-08T14:10:17-0400 [INFO    ] backups2datalad.py Asset in dataset, hash not available, and size is unchanged; will not update
2020-10-08T14:10:17-0400 [INFO    ] backups2datalad.py Syncing asset /sub-YutaMouse39/sub-YutaMouse39_ses-YutaMouse39-150803_behavior+ecephys.nwb
2020-10-08T14:10:17-0400 [WARNING ] backups2datalad.py Asset metadata does not include sha256 hash
2020-10-08T14:10:17-0400 [INFO    ] backups2datalad.py Asset in dataset, hash not available, and size is unchanged; will not update
2020-10-08T14:10:17-0400 [INFO    ] backups2datalad.py Syncing asset /sub-YutaMouse39/sub-YutaMouse39_ses-YutaMouse39-150804_behavior+ecephys.nwb
2020-10-08T14:10:17-0400 [WARNING ] backups2datalad.py Asset metadata does not include sha256 hash
2020-10-08T14:10:17-0400 [INFO    ] backups2datalad.py Asset in dataset, hash not available, and size is unchanged; will not update
2020-10-08T14:10:17-0400 [INFO    ] backups2datalad.py Syncing asset /sub-YutaMouse40/sub-YutaMouse40_ses-YutaMouse40-150812_behavior+ecephys.nwb
2020-10-08T14:10:17-0400 [WARNING ] backups2datalad.py Asset metadata does not include sha256 hash
2020-10-08T14:10:18-0400 [INFO    ] backups2datalad.py Asset in dataset, hash not available, and size is unchanged; will not update
2020-10-08T14:10:18-0400 [INFO    ] backups2datalad.py Syncing asset /sub-YutaMouse40/sub-YutaMouse40_ses-YutaMouse40-150814_behavior+ecephys.nwb
2020-10-08T14:10:18-0400 [WARNING ] backups2datalad.py Asset metadata does not include sha256 hash
2020-10-08T14:10:18-0400 [INFO    ] backups2datalad.py Asset in dataset, hash not available, and size is unchanged; will not update
2020-10-08T14:10:18-0400 [INFO    ] backups2datalad.py Syncing asset /sub-YutaMouse40/sub-YutaMouse40_ses-YutaMouse40-150816_behavior+ecephys.nwb
2020-10-08T14:10:18-0400 [WARNING ] backups2datalad.py Asset metadata does not include sha256 hash
2020-10-08T14:10:18-0400 [INFO    ] backups2datalad.py Asset in dataset, hash not available, and size is unchanged; will not update
2020-10-08T14:10:18-0400 [INFO    ] backups2datalad.py Syncing asset /sub-YutaMouse41/sub-YutaMouse41_ses-YutaMouse41-150829_behavior+ecephys.nwb
2020-10-08T14:10:18-0400 [WARNING ] backups2datalad.py Asset metadata does not include sha256 hash
2020-10-08T14:10:19-0400 [INFO    ] backups2datalad.py Asset in dataset, hash not available, and size is unchanged; will not update
2020-10-08T14:10:19-0400 [INFO    ] backups2datalad.py Syncing asset /sub-YutaMouse41/sub-YutaMouse41_ses-YutaMouse41-150831_behavior+ecephys.nwb
2020-10-08T14:10:19-0400 [WARNING ] backups2datalad.py Asset metadata does not include sha256 hash
2020-10-08T14:10:19-0400 [INFO    ] backups2datalad.py Asset in dataset, hash not available, and size is unchanged; will not update
2020-10-08T14:10:19-0400 [INFO    ] backups2datalad.py Syncing asset /sub-YutaMouse41/sub-YutaMouse41_ses-YutaMouse41-150901_behavior+ecephys.nwb
2020-10-08T14:10:19-0400 [WARNING ] backups2datalad.py Asset metadata does not include sha256 hash
2020-10-08T14:10:19-0400 [INFO    ] backups2datalad.py Asset in dataset, hash not available, and size is unchanged; will not update
2020-10-08T14:10:19-0400 [INFO    ] backups2datalad.py Syncing asset /sub-YutaMouse41/sub-YutaMouse41_ses-YutaMouse41-150902_behavior+ecephys.nwb
2020-10-08T14:10:19-0400 [WARNING ] backups2datalad.py Asset metadata does not include sha256 hash
2020-10-08T14:10:20-0400 [INFO    ] backups2datalad.py Asset in dataset, hash not available, and size is unchanged; will not update
2020-10-08T14:10:20-0400 [INFO    ] backups2datalad.py Syncing asset /sub-YutaMouse41/sub-YutaMouse41_ses-YutaMouse41-150903_behavior+ecephys.nwb
2020-10-08T14:10:20-0400 [WARNING ] backups2datalad.py Asset metadata does not include sha256 hash
2020-10-08T14:10:20-0400 [INFO    ] backups2datalad.py Asset in dataset, hash not available, and size is unchanged; will not update
2020-10-08T14:10:20-0400 [INFO    ] backups2datalad.py Syncing asset /sub-YutaMouse41/sub-YutaMouse41_ses-YutaMouse41-150908_behavior+ecephys.nwb
2020-10-08T14:10:20-0400 [WARNING ] backups2datalad.py Asset metadata does not include sha256 hash
2020-10-08T14:10:20-0400 [INFO    ] backups2datalad.py Asset in dataset, hash not available, and size is unchanged; will not update
2020-10-08T14:10:20-0400 [INFO    ] backups2datalad.py Syncing asset /sub-YutaMouse41/sub-YutaMouse41_ses-YutaMouse41-150909_behavior+ecephys.nwb
2020-10-08T14:10:20-0400 [WARNING ] backups2datalad.py Asset metadata does not include sha256 hash
2020-10-08T14:10:21-0400 [INFO    ] backups2datalad.py Asset in dataset, hash not available, and size is unchanged; will not update
2020-10-08T14:10:21-0400 [INFO    ] backups2datalad.py Syncing asset /sub-YutaMouse41/sub-YutaMouse41_ses-YutaMouse41-150910_behavior+ecephys.nwb
2020-10-08T14:10:21-0400 [WARNING ] backups2datalad.py Asset metadata does not include sha256 hash
2020-10-08T14:10:21-0400 [INFO    ] backups2datalad.py Asset in dataset, hash not available, and size is unchanged; will not update
2020-10-08T14:10:21-0400 [INFO    ] backups2datalad.py Syncing asset /sub-YutaMouse41/sub-YutaMouse41_ses-YutaMouse41-150911_behavior+ecephys.nwb
2020-10-08T14:10:21-0400 [WARNING ] backups2datalad.py Asset metadata does not include sha256 hash
2020-10-08T14:10:21-0400 [INFO    ] backups2datalad.py Asset in dataset, hash not available, and size is unchanged; will not update
2020-10-08T14:10:21-0400 [INFO    ] backups2datalad.py Syncing asset /sub-YutaMouse42/sub-YutaMouse42_ses-YutaMouse42-151102_behavior+ecephys.nwb
2020-10-08T14:10:21-0400 [WARNING ] backups2datalad.py Asset metadata does not include sha256 hash
2020-10-08T14:10:21-0400 [INFO    ] backups2datalad.py Asset in dataset, hash not available, and size is unchanged; will not update
2020-10-08T14:10:21-0400 [INFO    ] backups2datalad.py Syncing asset /sub-YutaMouse42/sub-YutaMouse42_ses-YutaMouse42-151104_behavior+ecephys.nwb
2020-10-08T14:10:21-0400 [WARNING ] backups2datalad.py Asset metadata does not include sha256 hash
2020-10-08T14:10:22-0400 [INFO    ] backups2datalad.py Asset in dataset, hash not available, and size is unchanged; will not update
2020-10-08T14:10:22-0400 [INFO    ] backups2datalad.py Syncing asset /sub-YutaMouse42/sub-YutaMouse42_ses-YutaMouse42-151105_behavior+ecephys.nwb
2020-10-08T14:10:22-0400 [WARNING ] backups2datalad.py Asset metadata does not include sha256 hash
2020-10-08T14:10:22-0400 [INFO    ] backups2datalad.py Asset in dataset, hash not available, and size is unchanged; will not update
2020-10-08T14:10:22-0400 [INFO    ] backups2datalad.py Syncing asset /sub-YutaMouse42/sub-YutaMouse42_ses-YutaMouse42-151106_behavior+ecephys.nwb
2020-10-08T14:10:22-0400 [WARNING ] backups2datalad.py Asset metadata does not include sha256 hash
2020-10-08T14:10:22-0400 [INFO    ] backups2datalad.py Asset in dataset, hash not available, and size is unchanged; will not update
2020-10-08T14:10:22-0400 [INFO    ] backups2datalad.py Syncing asset /sub-YutaMouse42/sub-YutaMouse42_ses-YutaMouse42-151108_behavior+ecephys.nwb
2020-10-08T14:10:22-0400 [WARNING ] backups2datalad.py Asset metadata does not include sha256 hash
2020-10-08T14:10:23-0400 [INFO    ] backups2datalad.py Asset in dataset, hash not available, and size is unchanged; will not update
2020-10-08T14:10:23-0400 [INFO    ] backups2datalad.py Syncing asset /sub-YutaMouse42/sub-YutaMouse42_ses-YutaMouse42-151109_ecephys.nwb
2020-10-08T14:10:23-0400 [WARNING ] backups2datalad.py Asset metadata does not include sha256 hash
2020-10-08T14:10:23-0400 [INFO    ] backups2datalad.py Asset in dataset, hash not available, and size is unchanged; will not update
2020-10-08T14:10:23-0400 [INFO    ] backups2datalad.py Syncing asset /sub-YutaMouse42/sub-YutaMouse42_ses-YutaMouse42-151110_ecephys.nwb
2020-10-08T14:10:23-0400 [WARNING ] backups2datalad.py Asset metadata does not include sha256 hash
2020-10-08T14:10:23-0400 [INFO    ] backups2datalad.py Asset in dataset, hash not available, and size is unchanged; will not update
2020-10-08T14:10:23-0400 [INFO    ] backups2datalad.py Syncing asset /sub-YutaMouse42/sub-YutaMouse42_ses-YutaMouse42-151111_ecephys.nwb
2020-10-08T14:10:23-0400 [WARNING ] backups2datalad.py Asset metadata does not include sha256 hash
2020-10-08T14:10:24-0400 [INFO    ] backups2datalad.py Asset in dataset, hash not available, and size is unchanged; will not update
2020-10-08T14:10:24-0400 [INFO    ] backups2datalad.py Syncing asset /sub-YutaMouse42/sub-YutaMouse42_ses-YutaMouse42-151112_behavior+ecephys.nwb
2020-10-08T14:10:24-0400 [WARNING ] backups2datalad.py Asset metadata does not include sha256 hash
2020-10-08T14:10:24-0400 [INFO    ] backups2datalad.py Asset in dataset, hash not available, and size is unchanged; will not update
2020-10-08T14:10:24-0400 [INFO    ] backups2datalad.py Syncing asset /sub-YutaMouse42/sub-YutaMouse42_ses-YutaMouse42-151113_behavior+ecephys.nwb
2020-10-08T14:10:24-0400 [WARNING ] backups2datalad.py Asset metadata does not include sha256 hash
2020-10-08T14:10:24-0400 [INFO    ] backups2datalad.py Asset in dataset, hash not available, and size is unchanged; will not update
2020-10-08T14:10:24-0400 [INFO    ] backups2datalad.py Syncing asset /sub-YutaMouse42/sub-YutaMouse42_ses-YutaMouse42-151114_behavior+ecephys.nwb
2020-10-08T14:10:24-0400 [WARNING ] backups2datalad.py Asset metadata does not include sha256 hash
2020-10-08T14:10:24-0400 [INFO    ] backups2datalad.py Asset in dataset, hash not available, and size is unchanged; will not update
2020-10-08T14:10:24-0400 [INFO    ] backups2datalad.py Syncing asset /sub-YutaMouse42/sub-YutaMouse42_ses-YutaMouse42-151116_behavior+ecephys.nwb
2020-10-08T14:10:24-0400 [WARNING ] backups2datalad.py Asset metadata does not include sha256 hash
2020-10-08T14:10:25-0400 [INFO    ] backups2datalad.py Asset in dataset, hash not available, and size is unchanged; will not update
2020-10-08T14:10:25-0400 [INFO    ] backups2datalad.py Syncing asset /sub-YutaMouse42/sub-YutaMouse42_ses-YutaMouse42-151117_behavior+ecephys.nwb
2020-10-08T14:10:25-0400 [WARNING ] backups2datalad.py Asset metadata does not include sha256 hash
2020-10-08T14:10:25-0400 [INFO    ] backups2datalad.py Asset in dataset, hash not available, and size is unchanged; will not update
2020-10-08T14:10:25-0400 [INFO    ] backups2datalad.py Syncing asset /sub-YutaMouse42/sub-YutaMouse42_ses-YutaMouse42-151118_behavior+ecephys.nwb
2020-10-08T14:10:25-0400 [WARNING ] backups2datalad.py Asset metadata does not include sha256 hash
2020-10-08T14:10:25-0400 [INFO    ] backups2datalad.py Asset in dataset, hash not available, and size is unchanged; will not update
2020-10-08T14:10:25-0400 [INFO    ] backups2datalad.py Syncing asset /sub-YutaMouse44/sub-YutaMouse44_ses-YutaMouse44-151129_behavior+ecephys.nwb
2020-10-08T14:10:25-0400 [WARNING ] backups2datalad.py Asset metadata does not include sha256 hash
2020-10-08T14:10:25-0400 [INFO    ] backups2datalad.py Asset in dataset, hash not available, and size is unchanged; will not update
2020-10-08T14:10:25-0400 [INFO    ] backups2datalad.py Syncing asset /sub-YutaMouse51/sub-YutaMouse51_ses-YutaMouse51-160515_behavior+ecephys.nwb
2020-10-08T14:10:25-0400 [WARNING ] backups2datalad.py Asset metadata does not include sha256 hash
2020-10-08T14:10:26-0400 [INFO    ] backups2datalad.py Asset in dataset, hash not available, and size is unchanged; will not update
2020-10-08T14:10:26-0400 [INFO    ] backups2datalad.py Syncing asset /sub-YutaMouse51/sub-YutaMouse51_ses-YutaMouse51-160516_behavior+ecephys.nwb
2020-10-08T14:10:26-0400 [WARNING ] backups2datalad.py Asset metadata does not include sha256 hash
2020-10-08T14:10:26-0400 [INFO    ] backups2datalad.py Asset in dataset, hash not available, and size is unchanged; will not update
2020-10-08T14:10:26-0400 [INFO    ] backups2datalad.py Syncing asset /sub-YutaMouse51/sub-YutaMouse51_ses-YutaMouse51b160514_behavior+ecephys.nwb
2020-10-08T14:10:26-0400 [WARNING ] backups2datalad.py Asset metadata does not include sha256 hash
2020-10-08T14:10:26-0400 [INFO    ] backups2datalad.py Asset in dataset, hash not available, and size is unchanged; will not update
2020-10-08T14:10:26-0400 [INFO    ] backups2datalad.py Syncing asset /sub-YutaMouse51/sub-YutaMouse51_ses-YutaMouse51b160516_behavior+ecephys.nwb
2020-10-08T14:10:26-0400 [WARNING ] backups2datalad.py Asset metadata does not include sha256 hash
2020-10-08T14:10:27-0400 [INFO    ] backups2datalad.py Asset in dataset, hash not available, and size is unchanged; will not update
2020-10-08T14:10:27-0400 [INFO    ] backups2datalad.py Syncing asset /sub-YutaMouse54/sub-YutaMouse54_ses-YutaMouse54-160630_behavior+ecephys.nwb
2020-10-08T14:10:27-0400 [WARNING ] backups2datalad.py Asset metadata does not include sha256 hash
2020-10-08T14:10:27-0400 [INFO    ] backups2datalad.py Asset in dataset, hash not available, and size is unchanged; will not update
2020-10-08T14:10:27-0400 [INFO    ] backups2datalad.py Syncing asset /sub-YutaMouse54/sub-YutaMouse54_ses-YutaMouse54-160701_behavior+ecephys.nwb
2020-10-08T14:10:27-0400 [WARNING ] backups2datalad.py Asset metadata does not include sha256 hash
2020-10-08T14:10:27-0400 [INFO    ] backups2datalad.py Asset in dataset, hash not available, and size is unchanged; will not update
2020-10-08T14:10:27-0400 [INFO    ] backups2datalad.py Syncing asset /sub-YutaMouse54/sub-YutaMouse54_ses-YutaMouse54-160702_behavior+ecephys.nwb
2020-10-08T14:10:27-0400 [WARNING ] backups2datalad.py Asset metadata does not include sha256 hash
2020-10-08T14:10:28-0400 [INFO    ] backups2datalad.py Asset in dataset, hash not available, and size is unchanged; will not update
2020-10-08T14:10:28-0400 [INFO    ] backups2datalad.py Syncing asset /sub-YutaMouse54/sub-YutaMouse54_ses-YutaMouse54b160702_behavior+ecephys.nwb
2020-10-08T14:10:28-0400 [WARNING ] backups2datalad.py Asset metadata does not include sha256 hash
2020-10-08T14:10:28-0400 [INFO    ] backups2datalad.py Asset in dataset, hash not available, and size is unchanged; will not update
2020-10-08T14:10:28-0400 [INFO    ] backups2datalad.py Syncing asset /sub-YutaMouse55/sub-YutaMouse55_ses-YutaMouse55-160906_ecephys.nwb
2020-10-08T14:10:28-0400 [WARNING ] backups2datalad.py Asset metadata does not include sha256 hash
2020-10-08T14:10:28-0400 [INFO    ] backups2datalad.py Asset in dataset, hash not available, and size is unchanged; will not update
2020-10-08T14:10:28-0400 [INFO    ] backups2datalad.py Syncing asset /sub-YutaMouse55/sub-YutaMouse55_ses-YutaMouse55-160907_behavior+ecephys.nwb
2020-10-08T14:10:28-0400 [WARNING ] backups2datalad.py Asset metadata does not include sha256 hash
2020-10-08T14:10:29-0400 [INFO    ] backups2datalad.py Asset in dataset, hash not available, and size is unchanged; will not update
2020-10-08T14:10:29-0400 [INFO    ] backups2datalad.py Syncing asset /sub-YutaMouse55/sub-YutaMouse55_ses-YutaMouse55-160908_behavior+ecephys.nwb
2020-10-08T14:10:29-0400 [WARNING ] backups2datalad.py Asset metadata does not include sha256 hash
2020-10-08T14:10:29-0400 [INFO    ] backups2datalad.py Asset in dataset, hash not available, and size is unchanged; will not update
2020-10-08T14:10:29-0400 [INFO    ] backups2datalad.py Syncing asset /sub-YutaMouse55/sub-YutaMouse55_ses-YutaMouse55-160909_behavior+ecephys.nwb
2020-10-08T14:10:29-0400 [WARNING ] backups2datalad.py Asset metadata does not include sha256 hash
2020-10-08T14:10:29-0400 [INFO    ] backups2datalad.py Asset in dataset, hash not available, and size is unchanged; will not update
2020-10-08T14:10:29-0400 [INFO    ] backups2datalad.py Syncing asset /sub-YutaMouse55/sub-YutaMouse55_ses-YutaMouse55-160910_behavior+ecephys.nwb
2020-10-08T14:10:29-0400 [WARNING ] backups2datalad.py Asset metadata does not include sha256 hash
2020-10-08T14:10:29-0400 [INFO    ] backups2datalad.py Asset in dataset, hash not available, and size is unchanged; will not update
2020-10-08T14:10:29-0400 [INFO    ] backups2datalad.py Syncing asset /sub-YutaMouse55/sub-YutaMouse55_ses-YutaMouse55-160911_behavior+ecephys.nwb
2020-10-08T14:10:29-0400 [WARNING ] backups2datalad.py Asset metadata does not include sha256 hash
2020-10-08T14:10:30-0400 [INFO    ] backups2datalad.py Asset in dataset, hash not available, and size is unchanged; will not update
2020-10-08T14:10:30-0400 [INFO    ] backups2datalad.py Syncing asset /sub-YutaMouse55/sub-YutaMouse55_ses-YutaMouse55b160907_behavior+ecephys.nwb
2020-10-08T14:10:30-0400 [WARNING ] backups2datalad.py Asset metadata does not include sha256 hash
2020-10-08T14:10:30-0400 [INFO    ] backups2datalad.py Asset in dataset, hash not available, and size is unchanged; will not update
2020-10-08T14:10:30-0400 [INFO    ] backups2datalad.py Syncing asset /sub-YutaMouse56/sub-YutaMouse56_ses-YutaMouse56-160911_behavior+ecephys.nwb
2020-10-08T14:10:30-0400 [WARNING ] backups2datalad.py Asset metadata does not include sha256 hash
2020-10-08T14:10:30-0400 [INFO    ] backups2datalad.py Asset in dataset, hash not available, and size is unchanged; will not update
2020-10-08T14:10:30-0400 [INFO    ] backups2datalad.py Syncing asset /sub-YutaMouse56/sub-YutaMouse56_ses-YutaMouse56-160912_behavior+ecephys.nwb
2020-10-08T14:10:30-0400 [WARNING ] backups2datalad.py Asset metadata does not include sha256 hash
2020-10-08T14:10:31-0400 [INFO    ] backups2datalad.py Asset in dataset, hash not available, and size is unchanged; will not update
2020-10-08T14:10:31-0400 [INFO    ] backups2datalad.py Syncing asset /sub-YutaMouse56/sub-YutaMouse56_ses-YutaMouse56-160913_behavior+ecephys.nwb
2020-10-08T14:10:31-0400 [WARNING ] backups2datalad.py Asset metadata does not include sha256 hash
2020-10-08T14:10:31-0400 [INFO    ] backups2datalad.py Asset in dataset, hash not available, and size is unchanged; will not update
2020-10-08T14:10:31-0400 [INFO    ] backups2datalad.py Syncing asset /sub-YutaMouse56/sub-YutaMouse56_ses-YutaMouse56-160914_behavior+ecephys.nwb
2020-10-08T14:10:31-0400 [WARNING ] backups2datalad.py Asset metadata does not include sha256 hash
2020-10-08T14:10:31-0400 [INFO    ] backups2datalad.py Asset in dataset, hash not available, and size is unchanged; will not update
2020-10-08T14:10:31-0400 [INFO    ] backups2datalad.py Syncing asset /sub-YutaMouse56/sub-YutaMouse56_ses-YutaMouse56-160915_behavior+ecephys.nwb
2020-10-08T14:10:31-0400 [WARNING ] backups2datalad.py Asset metadata does not include sha256 hash
2020-10-08T14:10:32-0400 [INFO    ] backups2datalad.py Asset in dataset, hash not available, and size is unchanged; will not update
2020-10-08T14:10:32-0400 [INFO    ] backups2datalad.py Syncing asset /sub-YutaMouse56/sub-YutaMouse56_ses-YutaMouse56-160916_behavior+ecephys.nwb
2020-10-08T14:10:32-0400 [WARNING ] backups2datalad.py Asset metadata does not include sha256 hash
2020-10-08T14:10:32-0400 [INFO    ] backups2datalad.py Asset in dataset, hash not available, and size is unchanged; will not update
2020-10-08T14:10:32-0400 [INFO    ] backups2datalad.py Syncing asset /sub-YutaMouse56/sub-YutaMouse56_ses-YutaMouse56b160913_behavior+ecephys.nwb
2020-10-08T14:10:32-0400 [WARNING ] backups2datalad.py Asset metadata does not include sha256 hash
2020-10-08T14:10:32-0400 [INFO    ] backups2datalad.py Asset in dataset, hash not available, and size is unchanged; will not update
2020-10-08T14:10:32-0400 [INFO    ] backups2datalad.py Syncing asset /sub-YutaMouse56/sub-YutaMouse56_ses-YutaMouse56b160914_behavior+ecephys.nwb
2020-10-08T14:10:32-0400 [WARNING ] backups2datalad.py Asset metadata does not include sha256 hash
2020-10-08T14:10:32-0400 [INFO    ] backups2datalad.py Asset in dataset, hash not available, and size is unchanged; will not update
2020-10-08T14:10:32-0400 [INFO    ] backups2datalad.py Syncing asset /sub-YutaMouse56/sub-YutaMouse56_ses-YutaMouse56b160915_behavior+ecephys.nwb
2020-10-08T14:10:32-0400 [WARNING ] backups2datalad.py Asset metadata does not include sha256 hash
2020-10-08T14:10:33-0400 [INFO    ] backups2datalad.py Asset in dataset, hash not available, and size is unchanged; will not update
2020-10-08T14:10:33-0400 [INFO    ] backups2datalad.py Syncing asset /sub-YutaMouse57/sub-YutaMouse57_ses-YutaMouse57-161004_behavior+ecephys.nwb
2020-10-08T14:10:33-0400 [WARNING ] backups2datalad.py Asset metadata does not include sha256 hash
2020-10-08T14:10:33-0400 [INFO    ] backups2datalad.py Asset in dataset, hash not available, and size is unchanged; will not update
2020-10-08T14:10:33-0400 [INFO    ] backups2datalad.py Syncing asset /sub-YutaMouse57/sub-YutaMouse57_ses-YutaMouse57-161006_behavior+ecephys.nwb
2020-10-08T14:10:33-0400 [WARNING ] backups2datalad.py Asset metadata does not include sha256 hash
2020-10-08T14:10:33-0400 [INFO    ] backups2datalad.py Asset in dataset, hash not available, and size is unchanged; will not update
2020-10-08T14:10:33-0400 [INFO    ] backups2datalad.py Syncing asset /sub-YutaMouse57/sub-YutaMouse57_ses-YutaMouse57-161007_behavior+ecephys.nwb
2020-10-08T14:10:33-0400 [WARNING ] backups2datalad.py Asset metadata does not include sha256 hash
2020-10-08T14:10:34-0400 [INFO    ] backups2datalad.py Asset in dataset, hash not available, and size is unchanged; will not update
2020-10-08T14:10:34-0400 [INFO    ] backups2datalad.py Syncing asset /sub-YutaMouse57/sub-YutaMouse57_ses-YutaMouse57-161010_behavior+ecephys.nwb
2020-10-08T14:10:34-0400 [WARNING ] backups2datalad.py Asset metadata does not include sha256 hash
2020-10-08T14:10:34-0400 [INFO    ] backups2datalad.py Asset in dataset, hash not available, and size is unchanged; will not update
2020-10-08T14:10:34-0400 [INFO    ] backups2datalad.py Syncing asset /sub-YutaMouse57/sub-YutaMouse57_ses-YutaMouse57-161011_behavior+ecephys.nwb
2020-10-08T14:10:34-0400 [WARNING ] backups2datalad.py Asset metadata does not include sha256 hash
2020-10-08T14:10:34-0400 [INFO    ] backups2datalad.py Asset in dataset, hash not available, and size is unchanged; will not update
2020-10-08T14:10:34-0400 [INFO    ] backups2datalad.py Syncing asset /sub-YutaMouse57/sub-YutaMouse57_ses-YutaMouse57-161013_behavior+ecephys.nwb
2020-10-08T14:10:34-0400 [WARNING ] backups2datalad.py Asset metadata does not include sha256 hash
2020-10-08T14:10:34-0400 [INFO    ] backups2datalad.py Asset in dataset, hash not available, and size is unchanged; will not update
2020-10-08T14:10:34-0400 [INFO    ] backups2datalad.py Syncing asset /sub-YutaMouse57/sub-YutaMouse57_ses-YutaMouse57-161014_behavior+ecephys.nwb
2020-10-08T14:10:34-0400 [WARNING ] backups2datalad.py Asset metadata does not include sha256 hash
2020-10-08T14:10:35-0400 [INFO    ] backups2datalad.py Asset not in dataset; will copy
2020-10-08T14:10:35-0400 [INFO    ] backups2datalad.py cp /mnt/backup/dandi/dandiarchive-s3-backup/girder-assetstore/1e/9b/1e9bdcf50b9d4dfdbae66f89d3ab0971 -> /mnt/backup/dandi/dandiarchive-replica/000003/sub-YutaMouse57/sub-YutaMouse57_ses-YutaMouse57-161014_behavior+ecephys.nwb
2020-10-08T14:10:35-0400 [INFO    ] backups2datalad.py Adding asset to dataset
2020-10-08T14:11:25-0400 [INFO    ] backups2datalad.py Adding URL https://dandiarchive.s3.amazonaws.com/girder-assetstore/1e/9b/1e9bdcf50b9d4dfdbae66f89d3ab0971?versionId=0fApS42ZgI2ZXPEHe02yDhEaL4fA9DvL to asset
2020-10-08T14:11:26-0400 [INFO    ] backups2datalad.py Syncing asset /sub-YutaMouse57/sub-YutaMouse57_ses-YutaMouse57-161016_behavior+ecephys.nwb
2020-10-08T14:11:26-0400 [WARNING ] backups2datalad.py Asset metadata does not include sha256 hash
2020-10-08T14:11:26-0400 [INFO    ] backups2datalad.py Asset not in dataset; will copy
2020-10-08T14:11:26-0400 [INFO    ] backups2datalad.py cp /mnt/backup/dandi/dandiarchive-s3-backup/girder-assetstore/5b/f7/5bf790d998aa449a98bec2f3d24869be -> /mnt/backup/dandi/dandiarchive-replica/000003/sub-YutaMouse57/sub-YutaMouse57_ses-YutaMouse57-161016_behavior+ecephys.nwb
2020-10-08T14:11:26-0400 [INFO    ] backups2datalad.py Adding asset to dataset
2020-10-08T14:12:06-0400 [INFO    ] backups2datalad.py Adding URL https://dandiarchive.s3.amazonaws.com/girder-assetstore/5b/f7/5bf790d998aa449a98bec2f3d24869be?versionId=2PY35bG1gP9fc.bp_oziqi0AS6lcKjol to asset
2020-10-08T14:12:07-0400 [INFO    ] backups2datalad.py Commiting changes
